<?xml version="1.0" encoding="UTF-8"?>
<robot generator="Robot 4.0.3 (Python 3.8.6 on win32)" generated="20210610 16:50:14.418" rpa="false" schemaversion="2">
<suite id="s1" name="Checkout &amp; Filters &amp; Login">
<suite id="s1-s1" name="Checkout" source="D:\Amartha\saucedemo\testcases\Checkout.robot">
<kw name="Open browsers" library="setup" type="SETUP">
<arg>${url}</arg>
<arg>${browser}</arg>
<kw name="Open Browser" library="SeleniumLibrary">
<arg>${url}</arg>
<arg>${browser}</arg>
<doc>Opens a new browser instance to the optional ``url``.</doc>
<msg timestamp="20210610 16:50:14.708" level="INFO">Opening browser 'chrome' to base url 'https://www.saucedemo.com/'.</msg>
<status status="PASS" starttime="20210610 16:50:14.708" endtime="20210610 16:50:18.619"/>
</kw>
<status status="PASS" starttime="20210610 16:50:14.708" endtime="20210610 16:50:18.619"/>
</kw>
<test id="s1-s1-t1" name="Go to the chart and validate the page">
<kw name="Go to the dashboard page" library="loginPage">
<kw name="Input Username" library="loginPage">
<arg>${name}</arg>
<kw name="Input Text" library="SeleniumLibrary">
<arg>${username}</arg>
<arg>${uname}</arg>
<doc>Types the given ``text`` into the text field identified by ``locator``.</doc>
<msg timestamp="20210610 16:50:18.623" level="INFO">Typing text 'standard_user' into text field 'id:user-name'.</msg>
<status status="PASS" starttime="20210610 16:50:18.623" endtime="20210610 16:50:18.872"/>
</kw>
<status status="PASS" starttime="20210610 16:50:18.623" endtime="20210610 16:50:18.872"/>
</kw>
<kw name="Input Password" library="loginPage">
<arg>${pas}</arg>
<kw name="Input Text" library="SeleniumLibrary">
<arg>${password}</arg>
<arg>${pass}</arg>
<doc>Types the given ``text`` into the text field identified by ``locator``.</doc>
<msg timestamp="20210610 16:50:18.873" level="INFO">Typing text 'secret_sauce' into text field 'id:password'.</msg>
<status status="PASS" starttime="20210610 16:50:18.873" endtime="20210610 16:50:19.049"/>
</kw>
<status status="PASS" starttime="20210610 16:50:18.872" endtime="20210610 16:50:19.049"/>
</kw>
<kw name="Click login button" library="loginPage">
<kw name="Click Button" library="SeleniumLibrary">
<arg>${loginbtn}</arg>
<doc>Clicks the button identified by ``locator``.</doc>
<msg timestamp="20210610 16:50:19.050" level="INFO">Clicking button 'id:login-button'.</msg>
<status status="PASS" starttime="20210610 16:50:19.050" endtime="20210610 16:50:19.291"/>
</kw>
<status status="PASS" starttime="20210610 16:50:19.049" endtime="20210610 16:50:19.291"/>
</kw>
<status status="PASS" starttime="20210610 16:50:18.622" endtime="20210610 16:50:19.292"/>
</kw>
<kw name="Add product to the chart" library="chartPage">
<kw name="Click Element" library="SeleniumLibrary">
<arg>${addToChart}</arg>
<doc>Click the element identified by ``locator``.</doc>
<msg timestamp="20210610 16:50:19.296" level="INFO">Clicking element 'id:add-to-cart-sauce-labs-backpack'.</msg>
<status status="PASS" starttime="20210610 16:50:19.294" endtime="20210610 16:50:19.389"/>
</kw>
<kw name="Click Element" library="SeleniumLibrary">
<arg>${chart}</arg>
<doc>Click the element identified by ``locator``.</doc>
<msg timestamp="20210610 16:50:19.391" level="INFO">Clicking element 'id:shopping_cart_container'.</msg>
<status status="PASS" starttime="20210610 16:50:19.390" endtime="20210610 16:50:19.475"/>
</kw>
<status status="PASS" starttime="20210610 16:50:19.293" endtime="20210610 16:50:19.475"/>
</kw>
<kw name="Validate chart page" library="chartPage">
<kw name="Page Should Contain Element" library="SeleniumLibrary">
<arg>${backpack}</arg>
<doc>Verifies that element ``locator`` is found on the current page.</doc>
<msg timestamp="20210610 16:50:19.493" level="INFO">Current page contains element 'id:item_4_title_link'.</msg>
<status status="PASS" starttime="20210610 16:50:19.477" endtime="20210610 16:50:19.493"/>
</kw>
<status status="PASS" starttime="20210610 16:50:19.476" endtime="20210610 16:50:19.493"/>
</kw>
<kw name="Capture Page Screenshot" library="SeleniumLibrary">
<doc>Takes a screenshot of the current page and embeds it into a log file.</doc>
<msg timestamp="20210610 16:50:19.887" level="INFO" html="true">&lt;/td&gt;&lt;/tr&gt;&lt;tr&gt;&lt;td colspan="3"&gt;&lt;a href="selenium-screenshot-5.png"&gt;&lt;img src="selenium-screenshot-5.png" width="800px"&gt;&lt;/a&gt;</msg>
<status status="PASS" starttime="20210610 16:50:19.494" endtime="20210610 16:50:19.887"/>
</kw>
<status status="PASS" starttime="20210610 16:50:18.620" endtime="20210610 16:50:19.888"/>
</test>
<test id="s1-s1-t2" name="do Checkout from the chart page">
<kw name="Click checkout button" library="chartPage">
<kw name="Click Element" library="SeleniumLibrary">
<arg>${checkoutBtn}</arg>
<doc>Click the element identified by ``locator``.</doc>
<msg timestamp="20210610 16:50:19.893" level="INFO">Clicking element 'id:checkout'.</msg>
<status status="PASS" starttime="20210610 16:50:19.892" endtime="20210610 16:50:19.983"/>
</kw>
<status status="PASS" starttime="20210610 16:50:19.892" endtime="20210610 16:50:19.983"/>
</kw>
<kw name="Insert checkout data" library="checkoutPage">
<arg>${first}</arg>
<arg>${last}</arg>
<arg>${post}</arg>
<kw name="Input Text" library="SeleniumLibrary">
<arg>${firstName}</arg>
<arg>${first}</arg>
<doc>Types the given ``text`` into the text field identified by ``locator``.</doc>
<msg timestamp="20210610 16:50:19.985" level="INFO">Typing text 'Test' into text field 'id:first-name'.</msg>
<status status="PASS" starttime="20210610 16:50:19.985" endtime="20210610 16:50:20.180"/>
</kw>
<kw name="Input Text" library="SeleniumLibrary">
<arg>${lastName}</arg>
<arg>${last}</arg>
<doc>Types the given ``text`` into the text field identified by ``locator``.</doc>
<msg timestamp="20210610 16:50:20.181" level="INFO">Typing text 'Test' into text field 'id:last-name'.</msg>
<status status="PASS" starttime="20210610 16:50:20.180" endtime="20210610 16:50:20.338"/>
</kw>
<kw name="Input Text" library="SeleniumLibrary">
<arg>${postalCode}</arg>
<arg>${post}</arg>
<doc>Types the given ``text`` into the text field identified by ``locator``.</doc>
<msg timestamp="20210610 16:50:20.339" level="INFO">Typing text '12345' into text field 'id:postal-code'.</msg>
<status status="PASS" starttime="20210610 16:50:20.338" endtime="20210610 16:50:20.558"/>
</kw>
<status status="PASS" starttime="20210610 16:50:19.984" endtime="20210610 16:50:20.559"/>
</kw>
<kw name="Click continue button" library="checkoutPage">
<kw name="Click Element" library="SeleniumLibrary">
<arg>${continueBtn}</arg>
<doc>Click the element identified by ``locator``.</doc>
<msg timestamp="20210610 16:50:20.560" level="INFO">Clicking element 'id:continue'.</msg>
<status status="PASS" starttime="20210610 16:50:20.560" endtime="20210610 16:50:20.687"/>
</kw>
<status status="PASS" starttime="20210610 16:50:20.560" endtime="20210610 16:50:20.687"/>
</kw>
<kw name="Capture Page Screenshot" library="SeleniumLibrary">
<doc>Takes a screenshot of the current page and embeds it into a log file.</doc>
<msg timestamp="20210610 16:50:20.850" level="INFO" html="true">&lt;/td&gt;&lt;/tr&gt;&lt;tr&gt;&lt;td colspan="3"&gt;&lt;a href="selenium-screenshot-6.png"&gt;&lt;img src="selenium-screenshot-6.png" width="800px"&gt;&lt;/a&gt;</msg>
<status status="PASS" starttime="20210610 16:50:20.688" endtime="20210610 16:50:20.850"/>
</kw>
<kw name="Click finish button" library="checkoutPage">
<kw name="Click Element" library="SeleniumLibrary">
<arg>${finishBtn}</arg>
<doc>Click the element identified by ``locator``.</doc>
<msg timestamp="20210610 16:50:20.850" level="INFO">Clicking element 'id:finish'.</msg>
<status status="PASS" starttime="20210610 16:50:20.850" endtime="20210610 16:50:20.938"/>
</kw>
<status status="PASS" starttime="20210610 16:50:20.850" endtime="20210610 16:50:20.939"/>
</kw>
<status status="PASS" starttime="20210610 16:50:19.890" endtime="20210610 16:50:20.940"/>
</test>
<kw name="Close browser" library="setup" type="TEARDOWN">
<kw name="Close All Browsers" library="SeleniumLibrary">
<doc>Closes all open browsers and resets the browser cache.</doc>
<status status="PASS" starttime="20210610 16:50:20.948" endtime="20210610 16:50:23.317"/>
</kw>
<status status="PASS" starttime="20210610 16:50:20.947" endtime="20210610 16:50:23.318"/>
</kw>
<doc>Add product to the chart</doc>
<status status="PASS" starttime="20210610 16:50:14.445" endtime="20210610 16:50:23.318"/>
</suite>
<suite id="s1-s2" name="Filters" source="D:\Amartha\saucedemo\testcases\Filters.robot">
<kw name="Open browsers" library="setup" type="SETUP">
<arg>${url}</arg>
<arg>${browser}</arg>
<kw name="Open Browser" library="SeleniumLibrary">
<arg>${url}</arg>
<arg>${browser}</arg>
<doc>Opens a new browser instance to the optional ``url``.</doc>
<msg timestamp="20210610 16:50:23.335" level="INFO">Opening browser 'chrome' to base url 'https://www.saucedemo.com/'.</msg>
<status status="PASS" starttime="20210610 16:50:23.335" endtime="20210610 16:50:25.701"/>
</kw>
<status status="PASS" starttime="20210610 16:50:23.334" endtime="20210610 16:50:25.702"/>
</kw>
<test id="s1-s2-t1" name="Do some filters on the dashboard page">
<kw name="Go to the dashboard page" library="loginPage">
<kw name="Input Username" library="loginPage">
<arg>${name}</arg>
<kw name="Input Text" library="SeleniumLibrary">
<arg>${username}</arg>
<arg>${uname}</arg>
<doc>Types the given ``text`` into the text field identified by ``locator``.</doc>
<msg timestamp="20210610 16:50:25.702" level="INFO">Typing text 'standard_user' into text field 'id:user-name'.</msg>
<status status="PASS" starttime="20210610 16:50:25.702" endtime="20210610 16:50:25.897"/>
</kw>
<status status="PASS" starttime="20210610 16:50:25.702" endtime="20210610 16:50:25.898"/>
</kw>
<kw name="Input Password" library="loginPage">
<arg>${pas}</arg>
<kw name="Input Text" library="SeleniumLibrary">
<arg>${password}</arg>
<arg>${pass}</arg>
<doc>Types the given ``text`` into the text field identified by ``locator``.</doc>
<msg timestamp="20210610 16:50:25.901" level="INFO">Typing text 'secret_sauce' into text field 'id:password'.</msg>
<status status="PASS" starttime="20210610 16:50:25.899" endtime="20210610 16:50:26.080"/>
</kw>
<status status="PASS" starttime="20210610 16:50:25.898" endtime="20210610 16:50:26.080"/>
</kw>
<kw name="Click login button" library="loginPage">
<kw name="Click Button" library="SeleniumLibrary">
<arg>${loginbtn}</arg>
<doc>Clicks the button identified by ``locator``.</doc>
<msg timestamp="20210610 16:50:26.083" level="INFO">Clicking button 'id:login-button'.</msg>
<status status="PASS" starttime="20210610 16:50:26.082" endtime="20210610 16:50:26.294"/>
</kw>
<status status="PASS" starttime="20210610 16:50:26.081" endtime="20210610 16:50:26.294"/>
</kw>
<status status="PASS" starttime="20210610 16:50:25.702" endtime="20210610 16:50:26.295"/>
</kw>
<kw name="Click drop down filter button Z to A" library="dashboardPage">
<kw name="Select From List By Value" library="SeleniumLibrary">
<arg>${filter}</arg>
<arg>za</arg>
<doc>Selects options from selection list ``locator`` by ``values``.</doc>
<msg timestamp="20210610 16:50:26.296" level="INFO">Selecting options from selection list 'css:.product_sort_container' by value za.</msg>
<status status="PASS" starttime="20210610 16:50:26.296" endtime="20210610 16:50:26.459"/>
</kw>
<status status="PASS" starttime="20210610 16:50:26.295" endtime="20210610 16:50:26.459"/>
</kw>
<kw name="Click drop down filter button High to Low" library="dashboardPage">
<kw name="Select From List By Value" library="SeleniumLibrary">
<arg>${filter}</arg>
<arg>hilo</arg>
<doc>Selects options from selection list ``locator`` by ``values``.</doc>
<msg timestamp="20210610 16:50:26.460" level="INFO">Selecting options from selection list 'css:.product_sort_container' by value hilo.</msg>
<status status="PASS" starttime="20210610 16:50:26.460" endtime="20210610 16:50:26.647"/>
</kw>
<status status="PASS" starttime="20210610 16:50:26.460" endtime="20210610 16:50:26.647"/>
</kw>
<kw name="Click drop down filter button Low to High" library="dashboardPage">
<kw name="Select From List By Value" library="SeleniumLibrary">
<arg>${filter}</arg>
<arg>lohi</arg>
<doc>Selects options from selection list ``locator`` by ``values``.</doc>
<msg timestamp="20210610 16:50:26.653" level="INFO">Selecting options from selection list 'css:.product_sort_container' by value lohi.</msg>
<status status="PASS" starttime="20210610 16:50:26.651" endtime="20210610 16:50:26.799"/>
</kw>
<status status="PASS" starttime="20210610 16:50:26.649" endtime="20210610 16:50:26.799"/>
</kw>
<status status="PASS" starttime="20210610 16:50:25.702" endtime="20210610 16:50:26.800"/>
</test>
<kw name="Close browser" library="setup" type="TEARDOWN">
<kw name="Close All Browsers" library="SeleniumLibrary">
<doc>Closes all open browsers and resets the browser cache.</doc>
<status status="PASS" starttime="20210610 16:50:26.803" endtime="20210610 16:50:29.069"/>
</kw>
<status status="PASS" starttime="20210610 16:50:26.803" endtime="20210610 16:50:29.070"/>
</kw>
<doc>Do some filters in the dashboard page</doc>
<status status="PASS" starttime="20210610 16:50:23.323" endtime="20210610 16:50:29.070"/>
</suite>
<suite id="s1-s3" name="Login" source="D:\Amartha\saucedemo\testcases\Login.robot">
<kw name="Open browsers" library="setup" type="SETUP">
<arg>${url}</arg>
<arg>${browser}</arg>
<kw name="Open Browser" library="SeleniumLibrary">
<arg>${url}</arg>
<arg>${browser}</arg>
<doc>Opens a new browser instance to the optional ``url``.</doc>
<msg timestamp="20210610 16:50:29.104" level="INFO">Opening browser 'chrome' to base url 'https://www.saucedemo.com/'.</msg>
<status status="PASS" starttime="20210610 16:50:29.104" endtime="20210610 16:50:31.593"/>
</kw>
<status status="PASS" starttime="20210610 16:50:29.103" endtime="20210610 16:50:31.593"/>
</kw>
<test id="s1-s3-t1" name="Login Saucedemo">
<kw name="Input Username" library="loginPage">
<arg>${uname}</arg>
<kw name="Input Text" library="SeleniumLibrary">
<arg>${username}</arg>
<arg>${uname}</arg>
<doc>Types the given ``text`` into the text field identified by ``locator``.</doc>
<msg timestamp="20210610 16:50:31.597" level="INFO">Typing text 'standard_user' into text field 'id:user-name'.</msg>
<status status="PASS" starttime="20210610 16:50:31.596" endtime="20210610 16:50:31.824"/>
</kw>
<status status="PASS" starttime="20210610 16:50:31.595" endtime="20210610 16:50:31.824"/>
</kw>
<kw name="Input Password" library="loginPage">
<arg>${pass}</arg>
<kw name="Input Text" library="SeleniumLibrary">
<arg>${password}</arg>
<arg>${pass}</arg>
<doc>Types the given ``text`` into the text field identified by ``locator``.</doc>
<msg timestamp="20210610 16:50:31.825" level="INFO">Typing text 'secret_sauce' into text field 'id:password'.</msg>
<status status="PASS" starttime="20210610 16:50:31.825" endtime="20210610 16:50:31.993"/>
</kw>
<status status="PASS" starttime="20210610 16:50:31.825" endtime="20210610 16:50:31.993"/>
</kw>
<kw name="Click login button" library="loginPage">
<kw name="Click Button" library="SeleniumLibrary">
<arg>${loginbtn}</arg>
<doc>Clicks the button identified by ``locator``.</doc>
<msg timestamp="20210610 16:50:31.995" level="INFO">Clicking button 'id:login-button'.</msg>
<status status="PASS" starttime="20210610 16:50:31.994" endtime="20210610 16:50:32.176"/>
</kw>
<status status="PASS" starttime="20210610 16:50:31.994" endtime="20210610 16:50:32.177"/>
</kw>
<kw name="Validate dashboard page" library="dashboardPage">
<kw name="Page Should Contain Button" library="SeleniumLibrary">
<arg>${brgermenu}</arg>
<doc>Verifies button ``locator`` is found from current page.</doc>
<msg timestamp="20210610 16:50:32.248" level="INFO">Current page contains button 'id:react-burger-menu-btn'.</msg>
<status status="PASS" starttime="20210610 16:50:32.179" endtime="20210610 16:50:32.248"/>
</kw>
<status status="PASS" starttime="20210610 16:50:32.178" endtime="20210610 16:50:32.248"/>
</kw>
<kw name="Capture Page Screenshot" library="SeleniumLibrary">
<doc>Takes a screenshot of the current page and embeds it into a log file.</doc>
<msg timestamp="20210610 16:50:32.651" level="INFO" html="true">&lt;/td&gt;&lt;/tr&gt;&lt;tr&gt;&lt;td colspan="3"&gt;&lt;a href="selenium-screenshot-7.png"&gt;&lt;img src="selenium-screenshot-7.png" width="800px"&gt;&lt;/a&gt;</msg>
<status status="PASS" starttime="20210610 16:50:32.250" endtime="20210610 16:50:32.651"/>
</kw>
<status status="PASS" starttime="20210610 16:50:31.594" endtime="20210610 16:50:32.652"/>
</test>
<kw name="Close browser" library="setup" type="TEARDOWN">
<kw name="Close All Browsers" library="SeleniumLibrary">
<doc>Closes all open browsers and resets the browser cache.</doc>
<status status="PASS" starttime="20210610 16:50:32.668" endtime="20210610 16:50:34.987"/>
</kw>
<status status="PASS" starttime="20210610 16:50:32.666" endtime="20210610 16:50:34.988"/>
</kw>
<doc>Login Saucedemo</doc>
<status status="PASS" starttime="20210610 16:50:29.078" endtime="20210610 16:50:34.988"/>
</suite>
<status status="PASS" starttime="20210610 16:50:14.420" endtime="20210610 16:50:34.996"/>
</suite>
<statistics>
<total>
<stat pass="4" fail="0" skip="0">All Tests</stat>
</total>
<tag>
</tag>
<suite>
<stat pass="4" fail="0" skip="0" id="s1" name="Checkout &amp; Filters &amp; Login">Checkout &amp; Filters &amp; Login</stat>
<stat pass="2" fail="0" skip="0" id="s1-s1" name="Checkout">Checkout &amp; Filters &amp; Login.Checkout</stat>
<stat pass="1" fail="0" skip="0" id="s1-s2" name="Filters">Checkout &amp; Filters &amp; Login.Filters</stat>
<stat pass="1" fail="0" skip="0" id="s1-s3" name="Login">Checkout &amp; Filters &amp; Login.Login</stat>
</suite>
</statistics>
<errors>
</errors>
</robot>
